0 info it worked if it ends with ok
1 verbose cli [ '/home/amos/.nvm/versions/node/v6.2.0/bin/node',
1 verbose cli   '/home/amos/.nvm/versions/node/v6.2.0/bin/npm',
1 verbose cli   'run',
1 verbose cli   'start' ]
2 info using npm@3.8.9
3 info using node@v6.2.0
4 verbose stack Error: Invalid name: "red packet rain"
4 verbose stack     at ensureValidName (/home/amos/.nvm/versions/node/v6.2.0/lib/node_modules/npm/node_modules/normalize-package-data/lib/fixer.js:336:15)
4 verbose stack     at Object.module.exports.fixNameField (/home/amos/.nvm/versions/node/v6.2.0/lib/node_modules/npm/node_modules/normalize-package-data/lib/fixer.js:215:5)
4 verbose stack     at /home/amos/.nvm/versions/node/v6.2.0/lib/node_modules/npm/node_modules/normalize-package-data/lib/normalize.js:32:38
4 verbose stack     at Array.forEach (native)
4 verbose stack     at normalize (/home/amos/.nvm/versions/node/v6.2.0/lib/node_modules/npm/node_modules/normalize-package-data/lib/normalize.js:31:15)
4 verbose stack     at final (/home/amos/.nvm/versions/node/v6.2.0/lib/node_modules/npm/node_modules/read-package-json/read-json.js:349:5)
4 verbose stack     at then (/home/amos/.nvm/versions/node/v6.2.0/lib/node_modules/npm/node_modules/read-package-json/read-json.js:124:5)
4 verbose stack     at /home/amos/.nvm/versions/node/v6.2.0/lib/node_modules/npm/node_modules/read-package-json/read-json.js:243:12
4 verbose stack     at /home/amos/.nvm/versions/node/v6.2.0/lib/node_modules/npm/node_modules/graceful-fs/graceful-fs.js:78:16
4 verbose stack     at tryToString (fs.js:449:3)
5 verbose cwd /home/amos/Downloads/ChaiSanXiaoQingLv-master
6 error Linux 4.8.0-56-generic
7 error argv "/home/amos/.nvm/versions/node/v6.2.0/bin/node" "/home/amos/.nvm/versions/node/v6.2.0/bin/npm" "run" "start"
8 error node v6.2.0
9 error npm  v3.8.9
10 error Invalid name: "red packet rain"
11 error If you need help, you may report this error at:
11 error     <https://github.com/npm/npm/issues>
12 verbose exit [ 1, true ]
